{"/home/travis/build/npmtest/node-npmtest-traverse/test.js":{"path":"/home/travis/build/npmtest/node-npmtest-traverse/test.js","s":{"1":2,"2":2,"3":2,"4":2,"5":2,"6":2,"7":2,"8":1,"9":2,"10":2,"11":1,"12":1,"13":1,"14":1,"15":2,"16":2,"17":2,"18":2,"19":1,"20":1,"21":2,"22":2,"23":2,"24":1,"25":1,"26":1,"27":1,"28":1,"29":1,"30":1,"31":1,"32":1,"33":1,"34":1,"35":1,"36":1,"37":2,"38":2,"39":1,"40":2,"41":2,"42":1,"43":2,"44":2,"45":1,"46":2,"47":2,"48":1,"49":1,"50":1,"51":1,"52":1},"b":{"1":[2,1,1,1],"2":[1,1,1,1],"3":[1,1],"4":[1,1],"5":[1,1],"6":[1,1],"7":[1,1],"8":[1,1],"9":[1,1,1],"10":[1,1],"11":[1,1],"12":[1,1],"13":[1,1],"14":[1,1],"15":[1,1],"16":[1,1]},"f":{"1":2,"2":2,"3":2,"4":2,"5":2,"6":1,"7":1,"8":2,"9":2,"10":2,"11":2,"12":1},"fnMap":{"1":{"name":"(anonymous_1)","line":12,"loc":{"start":{"line":12,"column":1},"end":{"line":12,"column":13}}},"2":{"name":"(anonymous_2)","line":19,"loc":{"start":{"line":19,"column":5},"end":{"line":19,"column":17}}},"3":{"name":"(anonymous_3)","line":23,"loc":{"start":{"line":23,"column":24},"end":{"line":23,"column":36}}},"4":{"name":"(anonymous_4)","line":61,"loc":{"start":{"line":61,"column":5},"end":{"line":61,"column":17}}},"5":{"name":"(anonymous_5)","line":82,"loc":{"start":{"line":82,"column":5},"end":{"line":82,"column":17}}},"6":{"name":"(anonymous_6)","line":102,"loc":{"start":{"line":102,"column":83},"end":{"line":105,"column":10}},"skip":true},"7":{"name":"(anonymous_7)","line":113,"loc":{"start":{"line":113,"column":77},"end":{"line":116,"column":10}},"skip":true},"8":{"name":"(anonymous_8)","line":129,"loc":{"start":{"line":129,"column":12},"end":{"line":129,"column":40}},"skip":true},"9":{"name":"(anonymous_9)","line":137,"loc":{"start":{"line":137,"column":77},"end":{"line":140,"column":10}},"skip":true},"10":{"name":"(anonymous_10)","line":148,"loc":{"start":{"line":148,"column":83},"end":{"line":151,"column":10}},"skip":true},"11":{"name":"(anonymous_11)","line":159,"loc":{"start":{"line":159,"column":79},"end":{"line":162,"column":10}},"skip":true},"12":{"name":"(anonymous_12)","line":170,"loc":{"start":{"line":170,"column":75},"end":{"line":173,"column":10}},"skip":true}},"statementMap":{"1":{"start":{"line":12,"column":0},"end":{"line":185,"column":5}},"2":{"start":{"line":14,"column":4},"end":{"line":14,"column":14}},"3":{"start":{"line":19,"column":4},"end":{"line":56,"column":9}},"4":{"start":{"line":21,"column":8},"end":{"line":21,"column":19}},"5":{"start":{"line":23,"column":8},"end":{"line":35,"column":13}},"6":{"start":{"line":24,"column":12},"end":{"line":34,"column":13}},"7":{"start":{"line":25,"column":16},"end":{"line":28,"column":30}},"8":{"start":{"line":30,"column":16},"end":{"line":33,"column":27}},"9":{"start":{"line":37,"column":8},"end":{"line":39,"column":21}},"10":{"start":{"line":40,"column":8},"end":{"line":53,"column":9}},"11":{"start":{"line":43,"column":12},"end":{"line":46,"column":14}},"12":{"start":{"line":47,"column":12},"end":{"line":47,"column":18}},"13":{"start":{"line":50,"column":12},"end":{"line":51,"column":46}},"14":{"start":{"line":52,"column":12},"end":{"line":52,"column":18}},"15":{"start":{"line":55,"column":8},"end":{"line":55,"column":35}},"16":{"start":{"line":61,"column":4},"end":{"line":63,"column":9}},"17":{"start":{"line":62,"column":8},"end":{"line":62,"column":15}},"18":{"start":{"line":64,"column":4},"end":{"line":77,"column":5}},"19":{"start":{"line":70,"column":8},"end":{"line":70,"column":14}},"20":{"start":{"line":76,"column":8},"end":{"line":76,"column":14}},"21":{"start":{"line":82,"column":4},"end":{"line":84,"column":9}},"22":{"start":{"line":83,"column":8},"end":{"line":83,"column":15}},"23":{"start":{"line":85,"column":4},"end":{"line":184,"column":5}},"24":{"start":{"line":92,"column":8},"end":{"line":94,"column":63}},"25":{"start":{"line":95,"column":8},"end":{"line":95,"column":14}},"26":{"start":{"line":102,"column":8},"end":{"line":111,"column":10},"skip":true},"27":{"start":{"line":109,"column":12},"end":{"line":109,"column":55},"skip":true},"28":{"start":{"line":110,"column":12},"end":{"line":110,"column":48},"skip":true},"29":{"start":{"line":113,"column":8},"end":{"line":126,"column":10},"skip":true},"30":{"start":{"line":120,"column":12},"end":{"line":120,"column":76},"skip":true},"31":{"start":{"line":121,"column":12},"end":{"line":121,"column":73},"skip":true},"32":{"start":{"line":122,"column":12},"end":{"line":122,"column":74},"skip":true},"33":{"start":{"line":123,"column":12},"end":{"line":123,"column":79},"skip":true},"34":{"start":{"line":124,"column":12},"end":{"line":124,"column":25},"skip":true},"35":{"start":{"line":125,"column":12},"end":{"line":125,"column":45},"skip":true},"36":{"start":{"line":128,"column":8},"end":{"line":135,"column":14},"skip":true},"37":{"start":{"line":133,"column":16},"end":{"line":133,"column":29},"skip":true},"38":{"start":{"line":134,"column":16},"end":{"line":134,"column":55},"skip":true},"39":{"start":{"line":137,"column":8},"end":{"line":146,"column":10},"skip":true},"40":{"start":{"line":144,"column":12},"end":{"line":144,"column":25},"skip":true},"41":{"start":{"line":145,"column":12},"end":{"line":145,"column":45},"skip":true},"42":{"start":{"line":148,"column":8},"end":{"line":157,"column":10},"skip":true},"43":{"start":{"line":155,"column":12},"end":{"line":155,"column":25},"skip":true},"44":{"start":{"line":156,"column":12},"end":{"line":156,"column":48},"skip":true},"45":{"start":{"line":159,"column":8},"end":{"line":168,"column":10},"skip":true},"46":{"start":{"line":166,"column":12},"end":{"line":166,"column":25},"skip":true},"47":{"start":{"line":167,"column":12},"end":{"line":167,"column":46},"skip":true},"48":{"start":{"line":170,"column":8},"end":{"line":179,"column":10},"skip":true},"49":{"start":{"line":177,"column":12},"end":{"line":177,"column":94},"skip":true},"50":{"start":{"line":178,"column":12},"end":{"line":178,"column":48},"skip":true},"51":{"start":{"line":182,"column":8},"end":{"line":182,"column":35},"skip":true},"52":{"start":{"line":183,"column":8},"end":{"line":183,"column":14},"skip":true}},"branchMap":{"1":{"line":25,"type":"binary-expr","locations":[{"start":{"line":25,"column":23},"end":{"line":25,"column":62}},{"start":{"line":26,"column":20},"end":{"line":26,"column":70}},{"start":{"line":27,"column":20},"end":{"line":27,"column":71}},{"start":{"line":28,"column":20},"end":{"line":28,"column":29}}]},"2":{"line":30,"type":"binary-expr","locations":[{"start":{"line":30,"column":23},"end":{"line":30,"column":37}},{"start":{"line":31,"column":20},"end":{"line":31,"column":61}},{"start":{"line":32,"column":20},"end":{"line":32,"column":70}},{"start":{"line":33,"column":20},"end":{"line":33,"column":26}}]},"3":{"line":37,"type":"cond-expr","locations":[{"start":{"line":38,"column":14},"end":{"line":38,"column":20}},{"start":{"line":39,"column":14},"end":{"line":39,"column":20}}]},"4":{"line":40,"type":"switch","locations":[{"start":{"line":42,"column":8},"end":{"line":47,"column":18}},{"start":{"line":49,"column":8},"end":{"line":52,"column":18}}]},"5":{"line":44,"type":"binary-expr","locations":[{"start":{"line":44,"column":16},"end":{"line":44,"column":44}},{"start":{"line":44,"column":48},"end":{"line":44,"column":66}}]},"6":{"line":50,"type":"binary-expr","locations":[{"start":{"line":50,"column":21},"end":{"line":50,"column":49}},{"start":{"line":50,"column":53},"end":{"line":50,"column":72}}]},"7":{"line":64,"type":"switch","locations":[{"start":{"line":69,"column":4},"end":{"line":70,"column":14}},{"start":{"line":75,"column":4},"end":{"line":76,"column":14}}]},"8":{"line":85,"type":"switch","locations":[{"start":{"line":90,"column":4},"end":{"line":95,"column":14}},{"start":{"line":101,"column":4},"end":{"line":183,"column":14},"skip":true}]},"9":{"line":92,"type":"binary-expr","locations":[{"start":{"line":92,"column":18},"end":{"line":92,"column":32}},{"start":{"line":93,"column":12},"end":{"line":93,"column":53}},{"start":{"line":94,"column":12},"end":{"line":94,"column":61}}]},"10":{"line":102,"type":"binary-expr","locations":[{"start":{"line":102,"column":45},"end":{"line":102,"column":79},"skip":true},{"start":{"line":102,"column":83},"end":{"line":111,"column":9},"skip":true}]},"11":{"line":113,"type":"binary-expr","locations":[{"start":{"line":113,"column":42},"end":{"line":113,"column":73},"skip":true},{"start":{"line":113,"column":77},"end":{"line":126,"column":9},"skip":true}]},"12":{"line":128,"type":"binary-expr","locations":[{"start":{"line":128,"column":48},"end":{"line":128,"column":85},"skip":true},{"start":{"line":129,"column":12},"end":{"line":135,"column":13},"skip":true}]},"13":{"line":137,"type":"binary-expr","locations":[{"start":{"line":137,"column":42},"end":{"line":137,"column":73},"skip":true},{"start":{"line":137,"column":77},"end":{"line":146,"column":9},"skip":true}]},"14":{"line":148,"type":"binary-expr","locations":[{"start":{"line":148,"column":45},"end":{"line":148,"column":79},"skip":true},{"start":{"line":148,"column":83},"end":{"line":157,"column":9},"skip":true}]},"15":{"line":159,"type":"binary-expr","locations":[{"start":{"line":159,"column":43},"end":{"line":159,"column":75},"skip":true},{"start":{"line":159,"column":79},"end":{"line":168,"column":9},"skip":true}]},"16":{"line":170,"type":"binary-expr","locations":[{"start":{"line":170,"column":41},"end":{"line":170,"column":71},"skip":true},{"start":{"line":170,"column":75},"end":{"line":179,"column":9},"skip":true}]}},"code":["/* istanbul instrument in package npmtest_traverse */","/*jslint","    bitwise: true,","    browser: true,","    maxerr: 8,","    maxlen: 96,","    node: true,","    nomen: true,","    regexp: true,","    stupid: true","*/","(function () {","    'use strict';","    var local;","","","","    // run shared js-env code - pre-init","    (function () {","        // init local","        local = {};","        // init modeJs","        local.modeJs = (function () {","            try {","                return typeof navigator.userAgent === 'string' &&","                    typeof document.querySelector('body') === 'object' &&","                    typeof XMLHttpRequest.prototype.open === 'function' &&","                    'browser';","            } catch (errorCaughtBrowser) {","                return module.exports &&","                    typeof process.versions.node === 'string' &&","                    typeof require('http').createServer === 'function' &&","                    'node';","            }","        }());","        // init global","        local.global = local.modeJs === 'browser'","            ? window","            : global;","        switch (local.modeJs) {","        // re-init local from window.local","        case 'browser':","            local = local.global.utility2.objectSetDefault(","                local.global.utility2_rollup || local.global.local,","                local.global.utility2","            );","            break;","        // re-init local from example.js","        case 'node':","            local = (local.global.utility2_rollup || require('utility2'))","                .requireExampleJsFromReadme();","            break;","        }","        // export local","        local.global.local = local;","    }());","","","","    // run shared js-env code - function","    (function () {","        return;","    }());","    switch (local.modeJs) {","","","","    // run browser js-env code - function","    case 'browser':","        break;","","","","    // run node js-env code - function","    case 'node':","        break;","    }","","","","    // run shared js-env code - post-init","    (function () {","        return;","    }());","    switch (local.modeJs) {","","","","    // run browser js-env code - post-init","    case 'browser':","        // run tests","        local.nop(local.modeTest &&","            document.querySelector('#testRunButton1') &&","            document.querySelector('#testRunButton1').click());","        break;","","","","    // run node js-env code - post-init","    /* istanbul ignore next */","    case 'node':","        local.testCase_buildApidoc_default = local.testCase_buildApidoc_default || function (","            options,","            onError","        ) {","        /*","         * this function will test buildApidoc's default handling-behavior-behavior","         */","            options = { modulePathList: module.paths };","            local.buildApidoc(options, onError);","        };","","        local.testCase_buildApp_default = local.testCase_buildApp_default || function (","            options,","            onError","        ) {","        /*","         * this function will test buildApp's default handling-behavior-behavior","         */","            local.testCase_buildReadme_default(options, local.onErrorThrow);","            local.testCase_buildLib_default(options, local.onErrorThrow);","            local.testCase_buildTest_default(options, local.onErrorThrow);","            local.testCase_buildCustomOrg_default(options, local.onErrorThrow);","            options = [];","            local.buildApp(options, onError);","        };","","        local.testCase_buildCustomOrg_default = local.testCase_buildCustomOrg_default ||","            function (options, onError) {","            /*","             * this function will test buildCustomOrg's default handling-behavior","             */","                options = {};","                local.buildCustomOrg(options, onError);","            };","","        local.testCase_buildLib_default = local.testCase_buildLib_default || function (","            options,","            onError","        ) {","        /*","         * this function will test buildLib's default handling-behavior","         */","            options = {};","            local.buildLib(options, onError);","        };","","        local.testCase_buildReadme_default = local.testCase_buildReadme_default || function (","            options,","            onError","        ) {","        /*","         * this function will test buildReadme's default handling-behavior-behavior","         */","            options = {};","            local.buildReadme(options, onError);","        };","","        local.testCase_buildTest_default = local.testCase_buildTest_default || function (","            options,","            onError","        ) {","        /*","         * this function will test buildTest's default handling-behavior","         */","            options = {};","            local.buildTest(options, onError);","        };","","        local.testCase_webpage_default = local.testCase_webpage_default || function (","            options,","            onError","        ) {","        /*","         * this function will test webpage's default handling-behavior","         */","            options = { modeCoverageMerge: true, url: local.serverLocalHost + '?modeTest=1' };","            local.browserTest(options, onError);","        };","","        // run test-server","        local.testRunServer(local);","        break;","    }","}());",""],"l":{"12":2,"14":2,"19":2,"21":2,"23":2,"24":2,"25":2,"30":1,"37":2,"40":2,"43":1,"47":1,"50":1,"52":1,"55":2,"61":2,"62":2,"64":2,"70":1,"76":1,"82":2,"83":2,"85":2,"92":1,"95":1,"102":1,"109":1,"110":1,"113":1,"120":1,"121":1,"122":1,"123":1,"124":1,"125":1,"128":1,"133":2,"134":2,"137":1,"144":2,"145":2,"148":1,"155":2,"156":2,"159":1,"166":2,"167":2,"170":1,"177":1,"178":1,"182":1,"183":1}},"/home/travis/build/npmtest/node-npmtest-traverse/lib.npmtest_traverse.js":{"path":"/home/travis/build/npmtest/node-npmtest-traverse/lib.npmtest_traverse.js","s":{"1":2,"2":2,"3":2,"4":2,"5":2,"6":2,"7":2,"8":1,"9":2,"10":2,"11":2,"12":2,"13":1,"14":1,"15":1,"16":1},"b":{"1":[2,1,1,1],"2":[1,1,1,1],"3":[1,1],"4":[2,2],"5":[1,1]},"f":{"1":2,"2":2,"3":2},"fnMap":{"1":{"name":"(anonymous_1)","line":12,"loc":{"start":{"line":12,"column":1},"end":{"line":12,"column":13}}},"2":{"name":"(anonymous_2)","line":19,"loc":{"start":{"line":19,"column":5},"end":{"line":19,"column":17}}},"3":{"name":"(anonymous_3)","line":23,"loc":{"start":{"line":23,"column":24},"end":{"line":23,"column":36}}}},"statementMap":{"1":{"start":{"line":12,"column":0},"end":{"line":53,"column":5}},"2":{"start":{"line":14,"column":4},"end":{"line":14,"column":14}},"3":{"start":{"line":19,"column":4},"end":{"line":52,"column":9}},"4":{"start":{"line":21,"column":8},"end":{"line":21,"column":19}},"5":{"start":{"line":23,"column":8},"end":{"line":35,"column":13}},"6":{"start":{"line":24,"column":12},"end":{"line":34,"column":13}},"7":{"start":{"line":25,"column":16},"end":{"line":28,"column":30}},"8":{"start":{"line":30,"column":16},"end":{"line":33,"column":27}},"9":{"start":{"line":37,"column":8},"end":{"line":39,"column":21}},"10":{"start":{"line":41,"column":8},"end":{"line":41,"column":54}},"11":{"start":{"line":43,"column":8},"end":{"line":43,"column":53}},"12":{"start":{"line":45,"column":8},"end":{"line":51,"column":9}},"13":{"start":{"line":46,"column":12},"end":{"line":46,"column":59}},"14":{"start":{"line":48,"column":12},"end":{"line":48,"column":35}},"15":{"start":{"line":49,"column":12},"end":{"line":49,"column":49}},"16":{"start":{"line":50,"column":12},"end":{"line":50,"column":43}}},"branchMap":{"1":{"line":25,"type":"binary-expr","locations":[{"start":{"line":25,"column":23},"end":{"line":25,"column":62}},{"start":{"line":26,"column":20},"end":{"line":26,"column":70}},{"start":{"line":27,"column":20},"end":{"line":27,"column":71}},{"start":{"line":28,"column":20},"end":{"line":28,"column":29}}]},"2":{"line":30,"type":"binary-expr","locations":[{"start":{"line":30,"column":23},"end":{"line":30,"column":37}},{"start":{"line":31,"column":20},"end":{"line":31,"column":61}},{"start":{"line":32,"column":20},"end":{"line":32,"column":70}},{"start":{"line":33,"column":20},"end":{"line":33,"column":26}}]},"3":{"line":37,"type":"cond-expr","locations":[{"start":{"line":38,"column":14},"end":{"line":38,"column":20}},{"start":{"line":39,"column":14},"end":{"line":39,"column":20}}]},"4":{"line":41,"type":"binary-expr","locations":[{"start":{"line":41,"column":16},"end":{"line":41,"column":44}},{"start":{"line":41,"column":48},"end":{"line":41,"column":53}}]},"5":{"line":45,"type":"if","locations":[{"start":{"line":45,"column":8},"end":{"line":45,"column":8}},{"start":{"line":45,"column":8},"end":{"line":45,"column":8}}]}},"code":["/* istanbul instrument in package npmtest_traverse */","/*jslint","    bitwise: true,","    browser: true,","    maxerr: 8,","    maxlen: 96,","    node: true,","    nomen: true,","    regexp: true,","    stupid: true","*/","(function () {","    'use strict';","    var local;","","","","    // run shared js-env code - pre-init","    (function () {","        // init local","        local = {};","        // init modeJs","        local.modeJs = (function () {","            try {","                return typeof navigator.userAgent === 'string' &&","                    typeof document.querySelector('body') === 'object' &&","                    typeof XMLHttpRequest.prototype.open === 'function' &&","                    'browser';","            } catch (errorCaughtBrowser) {","                return module.exports &&","                    typeof process.versions.node === 'string' &&","                    typeof require('http').createServer === 'function' &&","                    'node';","            }","        }());","        // init global","        local.global = local.modeJs === 'browser'","            ? window","            : global;","        // init utility2_rollup","        local = local.global.utility2_rollup || local;","        // init lib","        local.local = local.npmtest_traverse = local;","        // init exports","        if (local.modeJs === 'browser') {","            local.global.utility2_npmtest_traverse = local;","        } else {","            module.exports = local;","            module.exports.__dirname = __dirname;","            module.exports.module = module;","        }","    }());","}());",""],"l":{"12":2,"14":2,"19":2,"21":2,"23":2,"24":2,"25":2,"30":1,"37":2,"41":2,"43":2,"45":2,"46":1,"48":1,"49":1,"50":1}},"/home/travis/build/npmtest/node-npmtest-traverse/example.js":{"path":"/home/travis/build/npmtest/node-npmtest-traverse/example.js","s":{"1":2,"2":2,"3":2,"4":2,"5":2,"6":2,"7":2,"8":1,"9":2,"10":2,"11":2,"12":2,"13":1,"14":2,"15":2,"16":2,"17":2,"18":2,"19":0,"20":2,"21":1,"22":1,"23":1,"24":1,"25":1,"26":0,"27":0,"28":1,"29":1,"30":2,"31":0,"32":0,"33":0,"34":1,"35":2,"36":2,"37":2,"38":2,"39":2,"40":2,"41":0,"42":2,"43":2,"44":2,"45":1,"46":3,"47":1,"48":1,"49":1,"50":1,"51":1,"52":1,"53":1,"54":1,"55":1,"56":1,"57":0,"58":1,"59":6,"60":6,"61":1,"62":2,"63":0,"64":2,"65":1,"66":1,"67":0,"68":0,"69":0,"70":0,"71":0,"72":0,"73":0,"74":0,"75":0,"76":0,"77":0,"78":0,"79":0,"80":0,"81":0,"82":0,"83":0},"b":{"1":[2,1,1,1],"2":[1,1,1,1],"3":[1,1],"4":[2,2],"5":[1,1],"6":[1,1],"7":[2,0],"8":[2,1,1,1,1,1],"9":[0,2,0],"10":[1,1],"11":[2,1,1],"12":[1,0],"13":[0,2],"14":[2,0,0,0,0,0,0],"15":[0,2],"16":[2,0],"17":[1,1],"18":[0,1],"19":[1,2,0,2],"20":[1,0],"21":[1,1],"22":[0,0],"23":[0,0],"24":[0,0],"25":[0,0],"26":[0,0],"27":[0,0],"28":[0,0]},"f":{"1":2,"2":2,"3":2,"4":2,"5":2,"6":2,"7":2,"8":2,"9":3,"10":1,"11":6,"12":0},"fnMap":{"1":{"name":"(anonymous_1)","line":26,"loc":{"start":{"line":26,"column":1},"end":{"line":26,"column":13}}},"2":{"name":"(anonymous_2)","line":33,"loc":{"start":{"line":33,"column":5},"end":{"line":33,"column":17}}},"3":{"name":"(anonymous_3)","line":37,"loc":{"start":{"line":37,"column":24},"end":{"line":37,"column":36}}},"4":{"name":"(anonymous_4)","line":69,"loc":{"start":{"line":69,"column":31},"end":{"line":69,"column":48}},"skip":true},"5":{"name":"(anonymous_5)","line":78,"loc":{"start":{"line":78,"column":26},"end":{"line":78,"column":45}},"skip":true},"6":{"name":"(anonymous_6)","line":123,"loc":{"start":{"line":123,"column":33},"end":{"line":123,"column":48}},"skip":true},"7":{"name":"(anonymous_7)","line":125,"loc":{"start":{"line":125,"column":27},"end":{"line":125,"column":39}},"skip":true},"8":{"name":"(anonymous_8)","line":133,"loc":{"start":{"line":133,"column":59},"end":{"line":133,"column":74}},"skip":true},"9":{"name":"(anonymous_9)","line":143,"loc":{"start":{"line":143,"column":45},"end":{"line":143,"column":62}},"skip":true},"10":{"name":"(anonymous_10)","line":144,"loc":{"start":{"line":144,"column":73},"end":{"line":144,"column":92}},"skip":true},"11":{"name":"(anonymous_11)","line":272,"loc":{"start":{"line":272,"column":51},"end":{"line":272,"column":77}},"skip":true},"12":{"name":"(anonymous_12)","line":314,"loc":{"start":{"line":314,"column":32},"end":{"line":314,"column":61}},"skip":true}},"statementMap":{"1":{"start":{"line":26,"column":0},"end":{"line":325,"column":5}},"2":{"start":{"line":28,"column":4},"end":{"line":28,"column":14}},"3":{"start":{"line":33,"column":4},"end":{"line":60,"column":9}},"4":{"start":{"line":35,"column":8},"end":{"line":35,"column":19}},"5":{"start":{"line":37,"column":8},"end":{"line":49,"column":13}},"6":{"start":{"line":38,"column":12},"end":{"line":48,"column":13}},"7":{"start":{"line":39,"column":16},"end":{"line":42,"column":30}},"8":{"start":{"line":44,"column":16},"end":{"line":47,"column":27}},"9":{"start":{"line":51,"column":8},"end":{"line":53,"column":21}},"10":{"start":{"line":55,"column":8},"end":{"line":57,"column":45}},"11":{"start":{"line":59,"column":8},"end":{"line":59,"column":35}},"12":{"start":{"line":61,"column":4},"end":{"line":324,"column":5}},"13":{"start":{"line":69,"column":8},"end":{"line":121,"column":10},"skip":true},"14":{"start":{"line":70,"column":12},"end":{"line":88,"column":13},"skip":true},"15":{"start":{"line":76,"column":16},"end":{"line":87,"column":19},"skip":true},"16":{"start":{"line":79,"column":20},"end":{"line":86,"column":21},"skip":true},"17":{"start":{"line":82,"column":24},"end":{"line":82,"column":43},"skip":true},"18":{"start":{"line":83,"column":24},"end":{"line":83,"column":30},"skip":true},"19":{"start":{"line":85,"column":24},"end":{"line":85,"column":49},"skip":true},"20":{"start":{"line":89,"column":12},"end":{"line":107,"column":13},"skip":true},"21":{"start":{"line":92,"column":16},"end":{"line":102,"column":17},"skip":true},"22":{"start":{"line":93,"column":20},"end":{"line":93,"column":86},"skip":true},"23":{"start":{"line":94,"column":20},"end":{"line":95,"column":45},"skip":true},"24":{"start":{"line":96,"column":20},"end":{"line":96,"column":42},"skip":true},"25":{"start":{"line":97,"column":20},"end":{"line":97,"column":48},"skip":true},"26":{"start":{"line":100,"column":20},"end":{"line":100,"column":85},"skip":true},"27":{"start":{"line":101,"column":20},"end":{"line":101,"column":96},"skip":true},"28":{"start":{"line":103,"column":16},"end":{"line":103,"column":22},"skip":true},"29":{"start":{"line":106,"column":16},"end":{"line":106,"column":22},"skip":true},"30":{"start":{"line":108,"column":12},"end":{"line":120,"column":13},"skip":true},"31":{"start":{"line":114,"column":16},"end":{"line":119,"column":17},"skip":true},"32":{"start":{"line":116,"column":20},"end":{"line":116,"column":78},"skip":true},"33":{"start":{"line":118,"column":20},"end":{"line":118,"column":53},"skip":true},"34":{"start":{"line":123,"column":8},"end":{"line":141,"column":11},"skip":true},"35":{"start":{"line":124,"column":12},"end":{"line":124,"column":54},"skip":true},"36":{"start":{"line":125,"column":12},"end":{"line":140,"column":14},"skip":true},"37":{"start":{"line":126,"column":16},"end":{"line":126,"column":28},"skip":true},"38":{"start":{"line":127,"column":16},"end":{"line":127,"column":69},"skip":true},"39":{"start":{"line":128,"column":16},"end":{"line":128,"column":75},"skip":true},"40":{"start":{"line":129,"column":16},"end":{"line":131,"column":17},"skip":true},"41":{"start":{"line":130,"column":20},"end":{"line":130,"column":27},"skip":true},"42":{"start":{"line":133,"column":16},"end":{"line":137,"column":36},"skip":true},"43":{"start":{"line":134,"column":20},"end":{"line":136,"column":55},"skip":true},"44":{"start":{"line":139,"column":16},"end":{"line":139,"column":57},"skip":true},"45":{"start":{"line":143,"column":8},"end":{"line":147,"column":11},"skip":true},"46":{"start":{"line":144,"column":12},"end":{"line":146,"column":15},"skip":true},"47":{"start":{"line":145,"column":16},"end":{"line":145,"column":70},"skip":true},"48":{"start":{"line":149,"column":8},"end":{"line":149,"column":31},"skip":true},"49":{"start":{"line":150,"column":8},"end":{"line":150,"column":14},"skip":true},"50":{"start":{"line":158,"column":8},"end":{"line":158,"column":31},"skip":true},"51":{"start":{"line":160,"column":8},"end":{"line":160,"column":33},"skip":true},"52":{"start":{"line":161,"column":8},"end":{"line":161,"column":37},"skip":true},"53":{"start":{"line":162,"column":8},"end":{"line":162,"column":35},"skip":true},"54":{"start":{"line":164,"column":8},"end":{"line":164,"column":50},"skip":true},"55":{"start":{"line":166,"column":8},"end":{"line":256,"column":2},"skip":true},"56":{"start":{"line":258,"column":8},"end":{"line":286,"column":9},"skip":true},"57":{"start":{"line":259,"column":12},"end":{"line":269,"column":14},"skip":true},"58":{"start":{"line":271,"column":12},"end":{"line":285,"column":19},"skip":true},"59":{"start":{"line":274,"column":20},"end":{"line":274,"column":35},"skip":true},"60":{"start":{"line":275,"column":20},"end":{"line":284,"column":21},"skip":true},"61":{"start":{"line":277,"column":24},"end":{"line":277,"column":64},"skip":true},"62":{"start":{"line":279,"column":24},"end":{"line":279,"column":40},"skip":true},"63":{"start":{"line":281,"column":24},"end":{"line":281,"column":40},"skip":true},"64":{"start":{"line":283,"column":24},"end":{"line":283,"column":39},"skip":true},"65":{"start":{"line":288,"column":8},"end":{"line":290,"column":9},"skip":true},"66":{"start":{"line":289,"column":12},"end":{"line":289,"column":18},"skip":true},"67":{"start":{"line":291,"column":8},"end":{"line":293,"column":54},"skip":true},"68":{"start":{"line":294,"column":8},"end":{"line":301,"column":37},"skip":true},"69":{"start":{"line":302,"column":8},"end":{"line":302,"column":82},"skip":true},"70":{"start":{"line":305,"column":8},"end":{"line":307,"column":9},"skip":true},"71":{"start":{"line":306,"column":12},"end":{"line":306,"column":82},"skip":true},"72":{"start":{"line":309,"column":8},"end":{"line":311,"column":9},"skip":true},"73":{"start":{"line":310,"column":12},"end":{"line":310,"column":18},"skip":true},"74":{"start":{"line":312,"column":8},"end":{"line":312,"column":54},"skip":true},"75":{"start":{"line":313,"column":8},"end":{"line":313,"column":69},"skip":true},"76":{"start":{"line":314,"column":8},"end":{"line":322,"column":36},"skip":true},"77":{"start":{"line":315,"column":12},"end":{"line":315,"column":61},"skip":true},"78":{"start":{"line":316,"column":12},"end":{"line":319,"column":13},"skip":true},"79":{"start":{"line":317,"column":16},"end":{"line":317,"column":75},"skip":true},"80":{"start":{"line":318,"column":16},"end":{"line":318,"column":23},"skip":true},"81":{"start":{"line":320,"column":12},"end":{"line":320,"column":38},"skip":true},"82":{"start":{"line":321,"column":12},"end":{"line":321,"column":27},"skip":true},"83":{"start":{"line":323,"column":8},"end":{"line":323,"column":14},"skip":true}},"branchMap":{"1":{"line":39,"type":"binary-expr","locations":[{"start":{"line":39,"column":23},"end":{"line":39,"column":62}},{"start":{"line":40,"column":20},"end":{"line":40,"column":70}},{"start":{"line":41,"column":20},"end":{"line":41,"column":71}},{"start":{"line":42,"column":20},"end":{"line":42,"column":29}}]},"2":{"line":44,"type":"binary-expr","locations":[{"start":{"line":44,"column":23},"end":{"line":44,"column":37}},{"start":{"line":45,"column":20},"end":{"line":45,"column":61}},{"start":{"line":46,"column":20},"end":{"line":46,"column":70}},{"start":{"line":47,"column":20},"end":{"line":47,"column":26}}]},"3":{"line":51,"type":"cond-expr","locations":[{"start":{"line":52,"column":14},"end":{"line":52,"column":20}},{"start":{"line":53,"column":14},"end":{"line":53,"column":20}}]},"4":{"line":55,"type":"binary-expr","locations":[{"start":{"line":55,"column":16},"end":{"line":55,"column":44}},{"start":{"line":55,"column":49},"end":{"line":57,"column":43}}]},"5":{"line":55,"type":"cond-expr","locations":[{"start":{"line":56,"column":14},"end":{"line":56,"column":52}},{"start":{"line":57,"column":14},"end":{"line":57,"column":43}}]},"6":{"line":61,"type":"switch","locations":[{"start":{"line":68,"column":4},"end":{"line":150,"column":14},"skip":true},{"start":{"line":156,"column":4},"end":{"line":323,"column":14},"skip":true}]},"7":{"line":70,"type":"if","locations":[{"start":{"line":70,"column":12},"end":{"line":70,"column":12},"skip":true},{"start":{"line":70,"column":12},"end":{"line":70,"column":12},"skip":true}]},"8":{"line":70,"type":"binary-expr","locations":[{"start":{"line":70,"column":16},"end":{"line":70,"column":22},"skip":true},{"start":{"line":70,"column":27},"end":{"line":70,"column":32},"skip":true},{"start":{"line":71,"column":20},"end":{"line":71,"column":39},"skip":true},{"start":{"line":72,"column":20},"end":{"line":72,"column":49},"skip":true},{"start":{"line":73,"column":20},"end":{"line":73,"column":58},"skip":true},{"start":{"line":74,"column":20},"end":{"line":74,"column":69},"skip":true}]},"9":{"line":79,"type":"switch","locations":[{"start":{"line":80,"column":20},"end":{"line":80,"column":33},"skip":true},{"start":{"line":81,"column":20},"end":{"line":83,"column":30},"skip":true},{"start":{"line":84,"column":20},"end":{"line":85,"column":49},"skip":true}]},"10":{"line":89,"type":"switch","locations":[{"start":{"line":90,"column":12},"end":{"line":103,"column":22},"skip":true},{"start":{"line":105,"column":12},"end":{"line":106,"column":22},"skip":true}]},"11":{"line":89,"type":"binary-expr","locations":[{"start":{"line":89,"column":20},"end":{"line":89,"column":25},"skip":true},{"start":{"line":89,"column":29},"end":{"line":89,"column":48},"skip":true},{"start":{"line":89,"column":52},"end":{"line":89,"column":74},"skip":true}]},"12":{"line":92,"type":"if","locations":[{"start":{"line":92,"column":16},"end":{"line":92,"column":16},"skip":true},{"start":{"line":92,"column":16},"end":{"line":92,"column":16},"skip":true}]},"13":{"line":108,"type":"if","locations":[{"start":{"line":108,"column":12},"end":{"line":108,"column":12},"skip":true},{"start":{"line":108,"column":12},"end":{"line":108,"column":12},"skip":true}]},"14":{"line":108,"type":"binary-expr","locations":[{"start":{"line":108,"column":16},"end":{"line":108,"column":61},"skip":true},{"start":{"line":108,"column":66},"end":{"line":108,"column":72},"skip":true},{"start":{"line":108,"column":77},"end":{"line":108,"column":82},"skip":true},{"start":{"line":109,"column":20},"end":{"line":109,"column":39},"skip":true},{"start":{"line":110,"column":20},"end":{"line":110,"column":49},"skip":true},{"start":{"line":111,"column":20},"end":{"line":111,"column":58},"skip":true},{"start":{"line":112,"column":20},"end":{"line":112,"column":68},"skip":true}]},"15":{"line":129,"type":"if","locations":[{"start":{"line":129,"column":16},"end":{"line":129,"column":16},"skip":true},{"start":{"line":129,"column":16},"end":{"line":129,"column":16},"skip":true}]},"16":{"line":134,"type":"cond-expr","locations":[{"start":{"line":135,"column":26},"end":{"line":135,"column":29},"skip":true},{"start":{"line":136,"column":26},"end":{"line":136,"column":54},"skip":true}]},"17":{"line":164,"type":"binary-expr","locations":[{"start":{"line":164,"column":27},"end":{"line":164,"column":43},"skip":true},{"start":{"line":164,"column":47},"end":{"line":164,"column":49},"skip":true}]},"18":{"line":258,"type":"if","locations":[{"start":{"line":258,"column":8},"end":{"line":258,"column":8},"skip":true},{"start":{"line":258,"column":8},"end":{"line":258,"column":8},"skip":true}]},"19":{"line":275,"type":"switch","locations":[{"start":{"line":276,"column":20},"end":{"line":277,"column":64},"skip":true},{"start":{"line":278,"column":20},"end":{"line":279,"column":40},"skip":true},{"start":{"line":280,"column":20},"end":{"line":281,"column":40},"skip":true},{"start":{"line":282,"column":20},"end":{"line":283,"column":39},"skip":true}]},"20":{"line":288,"type":"if","locations":[{"start":{"line":288,"column":8},"end":{"line":288,"column":8},"skip":true},{"start":{"line":288,"column":8},"end":{"line":288,"column":8},"skip":true}]},"21":{"line":288,"type":"binary-expr","locations":[{"start":{"line":288,"column":12},"end":{"line":288,"column":40},"skip":true},{"start":{"line":288,"column":44},"end":{"line":288,"column":67},"skip":true}]},"22":{"line":292,"type":"binary-expr","locations":[{"start":{"line":292,"column":12},"end":{"line":292,"column":50},"skip":true},{"start":{"line":293,"column":12},"end":{"line":293,"column":53},"skip":true}]},"23":{"line":295,"type":"binary-expr","locations":[{"start":{"line":295,"column":12},"end":{"line":295,"column":66},"skip":true},{"start":{"line":296,"column":12},"end":{"line":301,"column":36},"skip":true}]},"24":{"line":302,"type":"binary-expr","locations":[{"start":{"line":302,"column":43},"end":{"line":302,"column":75},"skip":true},{"start":{"line":302,"column":79},"end":{"line":302,"column":81},"skip":true}]},"25":{"line":305,"type":"if","locations":[{"start":{"line":305,"column":8},"end":{"line":305,"column":8},"skip":true},{"start":{"line":305,"column":8},"end":{"line":305,"column":8},"skip":true}]},"26":{"line":309,"type":"if","locations":[{"start":{"line":309,"column":8},"end":{"line":309,"column":8},"skip":true},{"start":{"line":309,"column":8},"end":{"line":309,"column":8},"skip":true}]},"27":{"line":312,"type":"binary-expr","locations":[{"start":{"line":312,"column":27},"end":{"line":312,"column":43},"skip":true},{"start":{"line":312,"column":47},"end":{"line":312,"column":53},"skip":true}]},"28":{"line":316,"type":"if","locations":[{"start":{"line":316,"column":12},"end":{"line":316,"column":12},"skip":true},{"start":{"line":316,"column":12},"end":{"line":316,"column":12},"skip":true}]}},"code":["/*","example.js","","quickstart example","","instruction","    1. save this script as example.js","    2. run the shell command:","        $ npm install npmtest-traverse && PORT=8081 node example.js","    3. play with the browser-demo on http://127.0.0.1:8081","*/","","","","/* istanbul instrument in package npmtest_traverse */","/*jslint","    bitwise: true,","    browser: true,","    maxerr: 8,","    maxlen: 96,","    node: true,","    nomen: true,","    regexp: true,","    stupid: true","*/","(function () {","    'use strict';","    var local;","","","","    // run shared js-env code - pre-init","    (function () {","        // init local","        local = {};","        // init modeJs","        local.modeJs = (function () {","            try {","                return typeof navigator.userAgent === 'string' &&","                    typeof document.querySelector('body') === 'object' &&","                    typeof XMLHttpRequest.prototype.open === 'function' &&","                    'browser';","            } catch (errorCaughtBrowser) {","                return module.exports &&","                    typeof process.versions.node === 'string' &&","                    typeof require('http').createServer === 'function' &&","                    'node';","            }","        }());","        // init global","        local.global = local.modeJs === 'browser'","            ? window","            : global;","        // init utility2_rollup","        local = local.global.utility2_rollup || (local.modeJs === 'browser'","            ? local.global.utility2_npmtest_traverse","            : global.utility2_moduleExports);","        // export local","        local.global.local = local;","    }());","    switch (local.modeJs) {","","","","    // post-init","    // run browser js-env code - post-init","    /* istanbul ignore next */","    case 'browser':","        local.testRunBrowser = function (event) {","            if (!event || (event &&","                    event.currentTarget &&","                    event.currentTarget.className &&","                    event.currentTarget.className.includes &&","                    event.currentTarget.className.includes('onreset'))) {","                // reset output","                Array.from(","                    document.querySelectorAll('body > .resettable')","                ).forEach(function (element) {","                    switch (element.tagName) {","                    case 'INPUT':","                    case 'TEXTAREA':","                        element.value = '';","                        break;","                    default:","                        element.textContent = '';","                    }","                });","            }","            switch (event && event.currentTarget && event.currentTarget.id) {","            case 'testRunButton1':","                // show tests","                if (document.querySelector('#testReportDiv1').style.display === 'none') {","                    document.querySelector('#testReportDiv1').style.display = 'block';","                    document.querySelector('#testRunButton1').textContent =","                        'hide internal test';","                    local.modeTest = true;","                    local.testRunDefault(local);","                // hide tests","                } else {","                    document.querySelector('#testReportDiv1').style.display = 'none';","                    document.querySelector('#testRunButton1').textContent = 'run internal test';","                }","                break;","            // custom-case","            default:","                break;","            }","            if (document.querySelector('#inputTextareaEval1') && (!event || (event &&","                    event.currentTarget &&","                    event.currentTarget.className &&","                    event.currentTarget.className.includes &&","                    event.currentTarget.className.includes('oneval')))) {","                // try to eval input-code","                try {","                    /*jslint evil: true*/","                    eval(document.querySelector('#inputTextareaEval1').value);","                } catch (errorCaught) {","                    console.error(errorCaught.stack);","                }","            }","        };","        // log stderr and stdout to #outputTextareaStdout1","        ['error', 'log'].forEach(function (key) {","            console[key + '_original'] = console[key];","            console[key] = function () {","                var element;","                console[key + '_original'].apply(console, arguments);","                element = document.querySelector('#outputTextareaStdout1');","                if (!element) {","                    return;","                }","                // append text to #outputTextareaStdout1","                element.value += Array.from(arguments).map(function (arg) {","                    return typeof arg === 'string'","                        ? arg","                        : JSON.stringify(arg, null, 4);","                }).join(' ') + '\\n';","                // scroll textarea to bottom","                element.scrollTop = element.scrollHeight;","            };","        });","        // init event-handling","        ['change', 'click', 'keyup'].forEach(function (event) {","            Array.from(document.querySelectorAll('.on' + event)).forEach(function (element) {","                element.addEventListener(event, local.testRunBrowser);","            });","        });","        // run tests","        local.testRunBrowser();","        break;","","","","    // run node js-env code - post-init","    /* istanbul ignore next */","    case 'node':","        // export local","        module.exports = local;","        // require modules","        local.fs = require('fs');","        local.http = require('http');","        local.url = require('url');","        // init assets","        local.assetsDict = local.assetsDict || {};","        /* jslint-ignore-begin */","        local.assetsDict['/assets.index.template.html'] = '\\","<!doctype html>\\n\\","<html lang=\"en\">\\n\\","<head>\\n\\","<meta charset=\"UTF-8\">\\n\\","<meta name=\"viewport\" content=\"width=device-width, initial-scale=1\">\\n\\","<title>{{env.npm_package_name}} (v{{env.npm_package_version}})</title>\\n\\","<style>\\n\\","/*csslint\\n\\","    box-sizing: false,\\n\\","    universal-selector: false\\n\\","*/\\n\\","* {\\n\\","    box-sizing: border-box;\\n\\","}\\n\\","body {\\n\\","    background: #dde;\\n\\","    font-family: Arial, Helvetica, sans-serif;\\n\\","    margin: 2rem;\\n\\","}\\n\\","body > * {\\n\\","    margin-bottom: 1rem;\\n\\","}\\n\\",".utility2FooterDiv {\\n\\","    margin-top: 20px;\\n\\","    text-align: center;\\n\\","}\\n\\","</style>\\n\\","<style>\\n\\","/*csslint\\n\\","*/\\n\\","textarea {\\n\\","    font-family: monospace;\\n\\","    height: 10rem;\\n\\","    width: 100%;\\n\\","}\\n\\","textarea[readonly] {\\n\\","    background: #ddd;\\n\\","}\\n\\","</style>\\n\\","</head>\\n\\","<body>\\n\\","<!-- utility2-comment\\n\\","<div id=\"ajaxProgressDiv1\" style=\"background: #d00; height: 2px; left: 0; margin: 0; padding: 0; position: fixed; top: 0; transition: background 0.5s, width 1.5s; width: 25%;\"></div>\\n\\","utility2-comment -->\\n\\","<h1>\\n\\","<!-- utility2-comment\\n\\","    <a\\n\\","        {{#if env.npm_package_homepage}}\\n\\","        href=\"{{env.npm_package_homepage}}\"\\n\\","        {{/if env.npm_package_homepage}}\\n\\","        target=\"_blank\"\\n\\","    >\\n\\","utility2-comment -->\\n\\","        {{env.npm_package_name}} (v{{env.npm_package_version}})\\n\\","<!-- utility2-comment\\n\\","    </a>\\n\\","utility2-comment -->\\n\\","</h1>\\n\\","<h3>{{env.npm_package_description}}</h3>\\n\\","<!-- utility2-comment\\n\\","<h4><a download href=\"assets.app.js\">download standalone app</a></h4>\\n\\","<button class=\"onclick onreset\" id=\"testRunButton1\">run internal test</button><br>\\n\\","<div id=\"testReportDiv1\" style=\"display: none;\"></div>\\n\\","utility2-comment -->\\n\\","\\n\\","\\n\\","\\n\\","<label>stderr and stdout</label>\\n\\","<textarea class=\"resettable\" id=\"outputTextareaStdout1\" readonly></textarea>\\n\\","<!-- utility2-comment\\n\\","{{#if isRollup}}\\n\\","<script src=\"assets.app.js\"></script>\\n\\","{{#unless isRollup}}\\n\\","utility2-comment -->\\n\\","<script src=\"assets.utility2.rollup.js\"></script>\\n\\","<script src=\"jsonp.utility2._stateInit?callback=window.utility2._stateInit\"></script>\\n\\","<script src=\"assets.npmtest_traverse.rollup.js\"></script>\\n\\","<script src=\"assets.example.js\"></script>\\n\\","<script src=\"assets.test.js\"></script>\\n\\","<!-- utility2-comment\\n\\","{{/if isRollup}}\\n\\","utility2-comment -->\\n\\","<div class=\"utility2FooterDiv\">\\n\\","    [ this app was created with\\n\\","    <a href=\"https://github.com/kaizhu256/node-utility2\" target=\"_blank\">utility2</a>\\n\\","    ]\\n\\","</div>\\n\\","</body>\\n\\","</html>\\n\\","';","        /* jslint-ignore-end */","        if (local.templateRender) {","            local.assetsDict['/'] = local.templateRender(","                local.assetsDict['/assets.index.template.html'],","                {","                    env: local.objectSetDefault(local.env, {","                        npm_package_description: 'the greatest app in the world!',","                        npm_package_name: 'my-app',","                        npm_package_nameAlias: 'my_app',","                        npm_package_version: '0.0.1'","                    })","                }","            );","        } else {","            local.assetsDict['/'] = local.assetsDict['/assets.index.template.html']","                .replace((/\\{\\{env\\.(\\w+?)\\}\\}/g), function (match0, match1) {","                    // jslint-hack","                    String(match0);","                    switch (match1) {","                    case 'npm_package_description':","                        return 'the greatest app in the world!';","                    case 'npm_package_name':","                        return 'my-app';","                    case 'npm_package_nameAlias':","                        return 'my_app';","                    case 'npm_package_version':","                        return '0.0.1';","                    }","                });","        }","        // run the cli","        if (local.global.utility2_rollup || module !== require.main) {","            break;","        }","        local.assetsDict['/assets.example.js'] =","            local.assetsDict['/assets.example.js'] ||","            local.fs.readFileSync(__filename, 'utf8');","        local.assetsDict['/assets.npmtest_traverse.rollup.js'] =","            local.assetsDict['/assets.npmtest_traverse.rollup.js'] ||","            local.fs.readFileSync(","                // buildCustomOrg-hack","                local.npmtest_traverse.__dirname +","                    '/lib.npmtest_traverse.js',","                'utf8'","            ).replace((/^#!/), '//');","        local.assetsDict['/favicon.ico'] = local.assetsDict['/favicon.ico'] || '';","        // if $npm_config_timeout_exit exists,","        // then exit this process after $npm_config_timeout_exit ms","        if (Number(process.env.npm_config_timeout_exit)) {","            setTimeout(process.exit, Number(process.env.npm_config_timeout_exit));","        }","        // start server","        if (local.global.utility2_serverHttp1) {","            break;","        }","        process.env.PORT = process.env.PORT || '8081';","        console.error('server starting on port ' + process.env.PORT);","        local.http.createServer(function (request, response) {","            request.urlParsed = local.url.parse(request.url);","            if (local.assetsDict[request.urlParsed.pathname] !== undefined) {","                response.end(local.assetsDict[request.urlParsed.pathname]);","                return;","            }","            response.statusCode = 404;","            response.end();","        }).listen(process.env.PORT);","        break;","    }","}());",""],"l":{"26":2,"28":2,"33":2,"35":2,"37":2,"38":2,"39":2,"44":1,"51":2,"55":2,"59":2,"61":2,"69":1,"70":2,"76":2,"79":2,"82":2,"83":2,"85":1,"89":2,"92":1,"93":1,"94":1,"96":1,"97":1,"100":1,"101":1,"103":1,"106":1,"108":2,"114":1,"116":1,"118":1,"123":1,"124":2,"125":2,"126":2,"127":2,"128":2,"129":2,"130":1,"133":2,"134":2,"139":2,"143":1,"144":3,"145":1,"149":1,"150":1,"158":1,"160":1,"161":1,"162":1,"164":1,"166":1,"258":1,"259":1,"271":1,"274":6,"275":6,"277":1,"279":2,"281":1,"283":2,"288":1,"289":1,"291":1,"294":1,"302":1,"305":1,"306":1,"309":1,"310":1,"312":1,"313":1,"314":1,"315":1,"316":1,"317":1,"318":1,"320":1,"321":1,"323":1}},"/home/travis/build/npmtest/node-npmtest-traverse/traverse/index.js":{"path":"/home/travis/build/npmtest/node-npmtest-traverse/traverse/index.js","s":{"1":1,"2":0,"3":1,"4":0,"5":1,"6":0,"7":0,"8":0,"9":0,"10":0,"11":0,"12":0,"13":0,"14":1,"15":0,"16":0,"17":0,"18":0,"19":0,"20":0,"21":0,"22":1,"23":0,"24":0,"25":0,"26":0,"27":0,"28":0,"29":0,"30":0,"31":1,"32":0,"33":1,"34":0,"35":0,"36":1,"37":0,"38":0,"39":0,"40":0,"41":0,"42":0,"43":1,"44":0,"45":0,"46":0,"47":0,"48":1,"49":0,"50":0,"51":0,"52":0,"53":1,"54":0,"55":0,"56":0,"57":0,"58":0,"59":0,"60":0,"61":0,"62":0,"63":0,"64":0,"65":0,"66":0,"67":0,"68":0,"69":1,"70":0,"71":0,"72":0,"73":0,"74":0,"75":0,"76":0,"77":0,"78":0,"79":0,"80":0,"81":0,"82":0,"83":0,"84":0,"85":0,"86":0,"87":0,"88":0,"89":0,"90":0,"91":0,"92":0,"93":0,"94":0,"95":0,"96":0,"97":0,"98":0,"99":1,"100":0,"101":0,"102":0,"103":0,"104":0,"105":0,"106":0,"107":0,"108":0,"109":0,"110":0,"111":0,"112":0,"113":0,"114":0,"115":0,"116":0,"117":0,"118":0,"119":0,"120":0,"121":0,"122":0,"123":0,"124":0,"125":0,"126":0,"127":0,"128":0,"129":0,"130":0,"131":0,"132":0,"133":0,"134":0,"135":0,"136":0,"137":0,"138":0,"139":1,"140":0,"141":0,"142":0,"143":0,"144":0,"145":0,"146":0,"147":0,"148":0,"149":0,"150":0,"151":0,"152":0,"153":0,"154":0,"155":0,"156":0,"157":0,"158":0,"159":0,"160":0,"161":0,"162":0,"163":0,"164":0,"165":0,"166":0,"167":0,"168":1,"169":0,"170":0,"171":0,"172":0,"173":1,"174":0,"175":1,"176":0,"177":1,"178":0,"179":1,"180":0,"181":1,"182":0,"183":1,"184":0,"185":1,"186":0,"187":1,"188":0,"189":1,"190":1,"191":1,"192":0,"193":0,"194":1,"195":9,"196":0,"197":0,"198":0,"199":1,"200":0},"b":{"1":[0,0],"2":[0,0],"3":[0,0],"4":[0,0],"5":[0,0],"6":[0,0],"7":[0,0],"8":[0,0],"9":[0,0],"10":[0,0],"11":[0,0],"12":[0,0],"13":[0,0],"14":[0,0],"15":[0,0],"16":[0,0],"17":[0,0],"18":[0,0],"19":[0,0],"20":[0,0],"21":[0,0],"22":[0,0],"23":[0,0],"24":[0,0],"25":[0,0],"26":[0,0],"27":[0,0],"28":[0,0],"29":[0,0,0],"30":[0,0],"31":[0,0],"32":[0,0],"33":[0,0],"34":[0,0],"35":[0,0],"36":[0,0],"37":[0,0],"38":[0,0],"39":[0,0],"40":[0,0],"41":[0,0],"42":[0,0],"43":[0,0],"44":[0,0],"45":[0,0],"46":[0,0],"47":[0,0],"48":[0,0,0,0],"49":[1,0],"50":[1,0],"51":[1,0],"52":[1,0]},"f":{"1":0,"2":0,"3":0,"4":0,"5":0,"6":0,"7":0,"8":0,"9":0,"10":0,"11":0,"12":0,"13":0,"14":0,"15":0,"16":0,"17":0,"18":0,"19":0,"20":0,"21":0,"22":0,"23":0,"24":0,"25":0,"26":0,"27":0,"28":0,"29":0,"30":0,"31":0,"32":0,"33":0,"34":0,"35":0,"36":0,"37":0,"38":0,"39":0,"40":0,"41":0,"42":1,"43":9,"44":0,"45":0},"fnMap":{"1":{"name":"(anonymous_1)","line":1,"loc":{"start":{"line":1,"column":32},"end":{"line":1,"column":47}}},"2":{"name":"Traverse","line":5,"loc":{"start":{"line":5,"column":0},"end":{"line":5,"column":24}}},"3":{"name":"(anonymous_3)","line":9,"loc":{"start":{"line":9,"column":25},"end":{"line":9,"column":39}}},"4":{"name":"(anonymous_4)","line":22,"loc":{"start":{"line":22,"column":25},"end":{"line":22,"column":39}}},"5":{"name":"(anonymous_5)","line":34,"loc":{"start":{"line":34,"column":25},"end":{"line":34,"column":46}}},"6":{"name":"(anonymous_6)","line":45,"loc":{"start":{"line":45,"column":25},"end":{"line":45,"column":39}}},"7":{"name":"(anonymous_7)","line":49,"loc":{"start":{"line":49,"column":29},"end":{"line":49,"column":43}}},"8":{"name":"(anonymous_8)","line":54,"loc":{"start":{"line":54,"column":28},"end":{"line":54,"column":48}}},"9":{"name":"(anonymous_9)","line":57,"loc":{"start":{"line":57,"column":17},"end":{"line":57,"column":30}}},"10":{"name":"(anonymous_10)","line":65,"loc":{"start":{"line":65,"column":27},"end":{"line":65,"column":39}}},"11":{"name":"(anonymous_11)","line":67,"loc":{"start":{"line":67,"column":17},"end":{"line":67,"column":30}}},"12":{"name":"(anonymous_12)","line":73,"loc":{"start":{"line":73,"column":27},"end":{"line":73,"column":39}}},"13":{"name":"(anonymous_13)","line":75,"loc":{"start":{"line":75,"column":17},"end":{"line":75,"column":30}}},"14":{"name":"(anonymous_14)","line":81,"loc":{"start":{"line":81,"column":27},"end":{"line":81,"column":39}}},"15":{"name":"clone","line":84,"loc":{"start":{"line":84,"column":12},"end":{"line":84,"column":33}}},"16":{"name":"(anonymous_16)","line":97,"loc":{"start":{"line":97,"column":37},"end":{"line":97,"column":52}}},"17":{"name":"walk","line":111,"loc":{"start":{"line":111,"column":0},"end":{"line":111,"column":36}}},"18":{"name":"walker","line":116,"loc":{"start":{"line":116,"column":12},"end":{"line":116,"column":36}}},"19":{"name":"(anonymous_19)","line":132,"loc":{"start":{"line":132,"column":21},"end":{"line":132,"column":44}}},"20":{"name":"(anonymous_20)","line":139,"loc":{"start":{"line":139,"column":23},"end":{"line":139,"column":43}}},"21":{"name":"(anonymous_21)","line":143,"loc":{"start":{"line":143,"column":21},"end":{"line":143,"column":41}}},"22":{"name":"(anonymous_22)","line":153,"loc":{"start":{"line":153,"column":21},"end":{"line":153,"column":34}}},"23":{"name":"(anonymous_23)","line":154,"loc":{"start":{"line":154,"column":20},"end":{"line":154,"column":33}}},"24":{"name":"(anonymous_24)","line":155,"loc":{"start":{"line":155,"column":18},"end":{"line":155,"column":31}}},"25":{"name":"(anonymous_25)","line":156,"loc":{"start":{"line":156,"column":19},"end":{"line":156,"column":32}}},"26":{"name":"(anonymous_26)","line":157,"loc":{"start":{"line":157,"column":19},"end":{"line":157,"column":31}}},"27":{"name":"(anonymous_27)","line":158,"loc":{"start":{"line":158,"column":20},"end":{"line":158,"column":32}}},"28":{"name":"updateState","line":163,"loc":{"start":{"line":163,"column":8},"end":{"line":163,"column":31}}},"29":{"name":"(anonymous_29)","line":203,"loc":{"start":{"line":203,"column":32},"end":{"line":203,"column":50}}},"30":{"name":"copy","line":229,"loc":{"start":{"line":229,"column":0},"end":{"line":229,"column":20}}},"31":{"name":"(anonymous_31)","line":266,"loc":{"start":{"line":266,"column":20},"end":{"line":266,"column":32}}},"32":{"name":"(anonymous_32)","line":271,"loc":{"start":{"line":271,"column":33},"end":{"line":271,"column":48}}},"33":{"name":"keys","line":279,"loc":{"start":{"line":279,"column":32},"end":{"line":279,"column":52}}},"34":{"name":"toS","line":285,"loc":{"start":{"line":285,"column":0},"end":{"line":285,"column":19}}},"35":{"name":"isDate","line":286,"loc":{"start":{"line":286,"column":0},"end":{"line":286,"column":22}}},"36":{"name":"isRegExp","line":287,"loc":{"start":{"line":287,"column":0},"end":{"line":287,"column":24}}},"37":{"name":"isError","line":288,"loc":{"start":{"line":288,"column":0},"end":{"line":288,"column":23}}},"38":{"name":"isBoolean","line":289,"loc":{"start":{"line":289,"column":0},"end":{"line":289,"column":25}}},"39":{"name":"isNumber","line":290,"loc":{"start":{"line":290,"column":0},"end":{"line":290,"column":24}}},"40":{"name":"isString","line":291,"loc":{"start":{"line":291,"column":0},"end":{"line":291,"column":24}}},"41":{"name":"isArray","line":293,"loc":{"start":{"line":293,"column":31},"end":{"line":293,"column":53}}},"42":{"name":"(anonymous_42)","line":297,"loc":{"start":{"line":297,"column":14},"end":{"line":297,"column":32}}},"43":{"name":"(anonymous_43)","line":304,"loc":{"start":{"line":304,"column":40},"end":{"line":304,"column":55}}},"44":{"name":"(anonymous_44)","line":305,"loc":{"start":{"line":305,"column":20},"end":{"line":305,"column":35}}},"45":{"name":"(anonymous_45)","line":312,"loc":{"start":{"line":312,"column":46},"end":{"line":312,"column":66}}}},"statementMap":{"1":{"start":{"line":1,"column":0},"end":{"line":3,"column":2}},"2":{"start":{"line":2,"column":4},"end":{"line":2,"column":29}},"3":{"start":{"line":5,"column":0},"end":{"line":7,"column":1}},"4":{"start":{"line":6,"column":4},"end":{"line":6,"column":21}},"5":{"start":{"line":9,"column":0},"end":{"line":20,"column":2}},"6":{"start":{"line":10,"column":4},"end":{"line":10,"column":26}},"7":{"start":{"line":11,"column":4},"end":{"line":18,"column":5}},"8":{"start":{"line":12,"column":8},"end":{"line":12,"column":24}},"9":{"start":{"line":13,"column":8},"end":{"line":16,"column":9}},"10":{"start":{"line":14,"column":12},"end":{"line":14,"column":29}},"11":{"start":{"line":15,"column":12},"end":{"line":15,"column":18}},"12":{"start":{"line":17,"column":8},"end":{"line":17,"column":25}},"13":{"start":{"line":19,"column":4},"end":{"line":19,"column":16}},"14":{"start":{"line":22,"column":0},"end":{"line":32,"column":2}},"15":{"start":{"line":23,"column":4},"end":{"line":23,"column":26}},"16":{"start":{"line":24,"column":4},"end":{"line":30,"column":5}},"17":{"start":{"line":25,"column":8},"end":{"line":25,"column":24}},"18":{"start":{"line":26,"column":8},"end":{"line":28,"column":9}},"19":{"start":{"line":27,"column":12},"end":{"line":27,"column":25}},"20":{"start":{"line":29,"column":8},"end":{"line":29,"column":25}},"21":{"start":{"line":31,"column":4},"end":{"line":31,"column":16}},"22":{"start":{"line":34,"column":0},"end":{"line":43,"column":2}},"23":{"start":{"line":35,"column":4},"end":{"line":35,"column":26}},"24":{"start":{"line":36,"column":4},"end":{"line":40,"column":5}},"25":{"start":{"line":37,"column":8},"end":{"line":37,"column":24}},"26":{"start":{"line":38,"column":8},"end":{"line":38,"column":60}},"27":{"start":{"line":38,"column":45},"end":{"line":38,"column":60}},"28":{"start":{"line":39,"column":8},"end":{"line":39,"column":25}},"29":{"start":{"line":41,"column":4},"end":{"line":41,"column":24}},"30":{"start":{"line":42,"column":4},"end":{"line":42,"column":17}},"31":{"start":{"line":45,"column":0},"end":{"line":47,"column":2}},"32":{"start":{"line":46,"column":4},"end":{"line":46,"column":38}},"33":{"start":{"line":49,"column":0},"end":{"line":52,"column":2}},"34":{"start":{"line":50,"column":4},"end":{"line":50,"column":45}},"35":{"start":{"line":51,"column":4},"end":{"line":51,"column":22}},"36":{"start":{"line":54,"column":0},"end":{"line":63,"column":2}},"37":{"start":{"line":55,"column":4},"end":{"line":55,"column":38}},"38":{"start":{"line":56,"column":4},"end":{"line":56,"column":39}},"39":{"start":{"line":57,"column":4},"end":{"line":61,"column":7}},"40":{"start":{"line":58,"column":8},"end":{"line":60,"column":9}},"41":{"start":{"line":59,"column":12},"end":{"line":59,"column":40}},"42":{"start":{"line":62,"column":4},"end":{"line":62,"column":15}},"43":{"start":{"line":65,"column":0},"end":{"line":71,"column":2}},"44":{"start":{"line":66,"column":4},"end":{"line":66,"column":17}},"45":{"start":{"line":67,"column":4},"end":{"line":69,"column":7}},"46":{"start":{"line":68,"column":8},"end":{"line":68,"column":28}},"47":{"start":{"line":70,"column":4},"end":{"line":70,"column":15}},"48":{"start":{"line":73,"column":0},"end":{"line":79,"column":2}},"49":{"start":{"line":74,"column":4},"end":{"line":74,"column":17}},"50":{"start":{"line":75,"column":4},"end":{"line":77,"column":7}},"51":{"start":{"line":76,"column":8},"end":{"line":76,"column":28}},"52":{"start":{"line":78,"column":4},"end":{"line":78,"column":15}},"53":{"start":{"line":81,"column":0},"end":{"line":109,"column":2}},"54":{"start":{"line":82,"column":4},"end":{"line":82,"column":33}},"55":{"start":{"line":84,"column":4},"end":{"line":108,"column":19}},"56":{"start":{"line":85,"column":8},"end":{"line":89,"column":9}},"57":{"start":{"line":86,"column":12},"end":{"line":88,"column":13}},"58":{"start":{"line":87,"column":16},"end":{"line":87,"column":32}},"59":{"start":{"line":91,"column":8},"end":{"line":107,"column":9}},"60":{"start":{"line":92,"column":12},"end":{"line":92,"column":32}},"61":{"start":{"line":94,"column":12},"end":{"line":94,"column":30}},"62":{"start":{"line":95,"column":12},"end":{"line":95,"column":28}},"63":{"start":{"line":97,"column":12},"end":{"line":99,"column":15}},"64":{"start":{"line":98,"column":16},"end":{"line":98,"column":43}},"65":{"start":{"line":101,"column":12},"end":{"line":101,"column":26}},"66":{"start":{"line":102,"column":12},"end":{"line":102,"column":24}},"67":{"start":{"line":103,"column":12},"end":{"line":103,"column":23}},"68":{"start":{"line":106,"column":12},"end":{"line":106,"column":23}},"69":{"start":{"line":111,"column":0},"end":{"line":227,"column":1}},"70":{"start":{"line":112,"column":4},"end":{"line":112,"column":18}},"71":{"start":{"line":113,"column":4},"end":{"line":113,"column":21}},"72":{"start":{"line":114,"column":4},"end":{"line":114,"column":21}},"73":{"start":{"line":116,"column":4},"end":{"line":226,"column":18}},"74":{"start":{"line":117,"column":8},"end":{"line":117,"column":51}},"75":{"start":{"line":118,"column":8},"end":{"line":118,"column":27}},"76":{"start":{"line":120,"column":8},"end":{"line":120,"column":29}},"77":{"start":{"line":122,"column":8},"end":{"line":159,"column":10}},"78":{"start":{"line":133,"column":16},"end":{"line":135,"column":17}},"79":{"start":{"line":134,"column":20},"end":{"line":134,"column":53}},"80":{"start":{"line":136,"column":16},"end":{"line":136,"column":31}},"81":{"start":{"line":137,"column":16},"end":{"line":137,"column":48}},"82":{"start":{"line":137,"column":30},"end":{"line":137,"column":48}},"83":{"start":{"line":140,"column":16},"end":{"line":140,"column":52}},"84":{"start":{"line":141,"column":16},"end":{"line":141,"column":48}},"85":{"start":{"line":141,"column":30},"end":{"line":141,"column":48}},"86":{"start":{"line":144,"column":16},"end":{"line":149,"column":17}},"87":{"start":{"line":145,"column":20},"end":{"line":145,"column":59}},"88":{"start":{"line":148,"column":20},"end":{"line":148,"column":56}},"89":{"start":{"line":150,"column":16},"end":{"line":150,"column":48}},"90":{"start":{"line":150,"column":30},"end":{"line":150,"column":48}},"91":{"start":{"line":153,"column":36},"end":{"line":153,"column":57}},"92":{"start":{"line":154,"column":35},"end":{"line":154,"column":55}},"93":{"start":{"line":155,"column":33},"end":{"line":155,"column":51}},"94":{"start":{"line":156,"column":34},"end":{"line":156,"column":53}},"95":{"start":{"line":157,"column":33},"end":{"line":157,"column":47}},"96":{"start":{"line":158,"column":34},"end":{"line":158,"column":52}},"97":{"start":{"line":161,"column":8},"end":{"line":161,"column":33}},"98":{"start":{"line":161,"column":20},"end":{"line":161,"column":33}},"99":{"start":{"line":163,"column":8},"end":{"line":185,"column":9}},"100":{"start":{"line":164,"column":12},"end":{"line":181,"column":13}},"101":{"start":{"line":165,"column":16},"end":{"line":167,"column":17}},"102":{"start":{"line":166,"column":20},"end":{"line":166,"column":55}},"103":{"start":{"line":169,"column":16},"end":{"line":169,"column":54}},"104":{"start":{"line":171,"column":16},"end":{"line":176,"column":17}},"105":{"start":{"line":172,"column":20},"end":{"line":175,"column":21}},"106":{"start":{"line":173,"column":24},"end":{"line":173,"column":52}},"107":{"start":{"line":174,"column":24},"end":{"line":174,"column":30}},"108":{"start":{"line":179,"column":16},"end":{"line":179,"column":36}},"109":{"start":{"line":180,"column":16},"end":{"line":180,"column":34}},"110":{"start":{"line":183,"column":12},"end":{"line":183,"column":42}},"111":{"start":{"line":184,"column":12},"end":{"line":184,"column":42}},"112":{"start":{"line":187,"column":8},"end":{"line":187,"column":22}},"113":{"start":{"line":190,"column":8},"end":{"line":190,"column":45}},"114":{"start":{"line":191,"column":8},"end":{"line":191,"column":65}},"115":{"start":{"line":191,"column":47},"end":{"line":191,"column":65}},"116":{"start":{"line":193,"column":8},"end":{"line":193,"column":71}},"117":{"start":{"line":193,"column":30},"end":{"line":193,"column":71}},"118":{"start":{"line":195,"column":8},"end":{"line":195,"column":37}},"119":{"start":{"line":195,"column":24},"end":{"line":195,"column":37}},"120":{"start":{"line":197,"column":8},"end":{"line":221,"column":9}},"121":{"start":{"line":199,"column":12},"end":{"line":199,"column":32}},"122":{"start":{"line":201,"column":12},"end":{"line":201,"column":26}},"123":{"start":{"line":203,"column":12},"end":{"line":219,"column":15}},"124":{"start":{"line":204,"column":16},"end":{"line":204,"column":31}},"125":{"start":{"line":206,"column":16},"end":{"line":206,"column":83}},"126":{"start":{"line":206,"column":35},"end":{"line":206,"column":83}},"127":{"start":{"line":208,"column":16},"end":{"line":208,"column":52}},"128":{"start":{"line":209,"column":16},"end":{"line":211,"column":17}},"129":{"start":{"line":210,"column":20},"end":{"line":210,"column":49}},"130":{"start":{"line":213,"column":16},"end":{"line":213,"column":58}},"131":{"start":{"line":214,"column":16},"end":{"line":214,"column":39}},"132":{"start":{"line":216,"column":16},"end":{"line":216,"column":70}},"133":{"start":{"line":216,"column":36},"end":{"line":216,"column":70}},"134":{"start":{"line":218,"column":16},"end":{"line":218,"column":27}},"135":{"start":{"line":220,"column":12},"end":{"line":220,"column":26}},"136":{"start":{"line":223,"column":8},"end":{"line":223,"column":69}},"137":{"start":{"line":223,"column":29},"end":{"line":223,"column":69}},"138":{"start":{"line":225,"column":8},"end":{"line":225,"column":21}},"139":{"start":{"line":229,"column":0},"end":{"line":277,"column":1}},"140":{"start":{"line":230,"column":4},"end":{"line":276,"column":20}},"141":{"start":{"line":231,"column":8},"end":{"line":231,"column":16}},"142":{"start":{"line":233,"column":8},"end":{"line":269,"column":9}},"143":{"start":{"line":234,"column":12},"end":{"line":234,"column":21}},"144":{"start":{"line":236,"column":13},"end":{"line":269,"column":9}},"145":{"start":{"line":237,"column":12},"end":{"line":237,"column":62}},"146":{"start":{"line":239,"column":13},"end":{"line":269,"column":9}},"147":{"start":{"line":240,"column":12},"end":{"line":240,"column":34}},"148":{"start":{"line":242,"column":13},"end":{"line":269,"column":9}},"149":{"start":{"line":243,"column":12},"end":{"line":243,"column":43}},"150":{"start":{"line":245,"column":13},"end":{"line":269,"column":9}},"151":{"start":{"line":246,"column":12},"end":{"line":246,"column":35}},"152":{"start":{"line":248,"column":13},"end":{"line":269,"column":9}},"153":{"start":{"line":249,"column":12},"end":{"line":249,"column":34}},"154":{"start":{"line":251,"column":13},"end":{"line":269,"column":9}},"155":{"start":{"line":252,"column":12},"end":{"line":252,"column":34}},"156":{"start":{"line":254,"column":13},"end":{"line":269,"column":9}},"157":{"start":{"line":255,"column":12},"end":{"line":255,"column":60}},"158":{"start":{"line":257,"column":13},"end":{"line":269,"column":9}},"159":{"start":{"line":258,"column":12},"end":{"line":258,"column":21}},"160":{"start":{"line":261,"column":12},"end":{"line":265,"column":13}},"161":{"start":{"line":266,"column":12},"end":{"line":266,"column":35}},"162":{"start":{"line":267,"column":12},"end":{"line":267,"column":32}},"163":{"start":{"line":268,"column":12},"end":{"line":268,"column":24}},"164":{"start":{"line":271,"column":8},"end":{"line":273,"column":11}},"165":{"start":{"line":272,"column":12},"end":{"line":272,"column":32}},"166":{"start":{"line":274,"column":8},"end":{"line":274,"column":19}},"167":{"start":{"line":276,"column":9},"end":{"line":276,"column":20}},"168":{"start":{"line":279,"column":0},"end":{"line":283,"column":2}},"169":{"start":{"line":280,"column":4},"end":{"line":280,"column":17}},"170":{"start":{"line":281,"column":4},"end":{"line":281,"column":38}},"171":{"start":{"line":281,"column":25},"end":{"line":281,"column":38}},"172":{"start":{"line":282,"column":4},"end":{"line":282,"column":15}},"173":{"start":{"line":285,"column":0},"end":{"line":285,"column":65}},"174":{"start":{"line":285,"column":21},"end":{"line":285,"column":64}},"175":{"start":{"line":286,"column":0},"end":{"line":286,"column":61}},"176":{"start":{"line":286,"column":24},"end":{"line":286,"column":60}},"177":{"start":{"line":287,"column":0},"end":{"line":287,"column":65}},"178":{"start":{"line":287,"column":26},"end":{"line":287,"column":64}},"179":{"start":{"line":288,"column":0},"end":{"line":288,"column":63}},"180":{"start":{"line":288,"column":25},"end":{"line":288,"column":62}},"181":{"start":{"line":289,"column":0},"end":{"line":289,"column":67}},"182":{"start":{"line":289,"column":27},"end":{"line":289,"column":66}},"183":{"start":{"line":290,"column":0},"end":{"line":290,"column":65}},"184":{"start":{"line":290,"column":26},"end":{"line":290,"column":64}},"185":{"start":{"line":291,"column":0},"end":{"line":291,"column":65}},"186":{"start":{"line":291,"column":26},"end":{"line":291,"column":64}},"187":{"start":{"line":293,"column":0},"end":{"line":295,"column":2}},"188":{"start":{"line":294,"column":4},"end":{"line":294,"column":67}},"189":{"start":{"line":297,"column":0},"end":{"line":302,"column":2}},"190":{"start":{"line":298,"column":4},"end":{"line":301,"column":5}},"191":{"start":{"line":298,"column":20},"end":{"line":298,"column":41}},"192":{"start":{"line":299,"column":9},"end":{"line":301,"column":5}},"193":{"start":{"line":300,"column":8},"end":{"line":300,"column":25}},"194":{"start":{"line":304,"column":0},"end":{"line":310,"column":3}},"195":{"start":{"line":305,"column":4},"end":{"line":309,"column":6}},"196":{"start":{"line":306,"column":8},"end":{"line":306,"column":47}},"197":{"start":{"line":307,"column":8},"end":{"line":307,"column":34}},"198":{"start":{"line":308,"column":8},"end":{"line":308,"column":37}},"199":{"start":{"line":312,"column":0},"end":{"line":314,"column":2}},"200":{"start":{"line":313,"column":4},"end":{"line":313,"column":22}}},"branchMap":{"1":{"line":13,"type":"if","locations":[{"start":{"line":13,"column":8},"end":{"line":13,"column":8}},{"start":{"line":13,"column":8},"end":{"line":13,"column":8}}]},"2":{"line":13,"type":"binary-expr","locations":[{"start":{"line":13,"column":12},"end":{"line":13,"column":17}},{"start":{"line":13,"column":21},"end":{"line":13,"column":52}}]},"3":{"line":26,"type":"if","locations":[{"start":{"line":26,"column":8},"end":{"line":26,"column":8}},{"start":{"line":26,"column":8},"end":{"line":26,"column":8}}]},"4":{"line":26,"type":"binary-expr","locations":[{"start":{"line":26,"column":12},"end":{"line":26,"column":17}},{"start":{"line":26,"column":21},"end":{"line":26,"column":52}}]},"5":{"line":38,"type":"if","locations":[{"start":{"line":38,"column":8},"end":{"line":38,"column":8}},{"start":{"line":38,"column":8},"end":{"line":38,"column":8}}]},"6":{"line":56,"type":"cond-expr","locations":[{"start":{"line":56,"column":21},"end":{"line":56,"column":31}},{"start":{"line":56,"column":34},"end":{"line":56,"column":38}}]},"7":{"line":58,"type":"if","locations":[{"start":{"line":58,"column":8},"end":{"line":58,"column":8}},{"start":{"line":58,"column":8},"end":{"line":58,"column":8}}]},"8":{"line":58,"type":"binary-expr","locations":[{"start":{"line":58,"column":12},"end":{"line":58,"column":24}},{"start":{"line":58,"column":28},"end":{"line":58,"column":33}}]},"9":{"line":86,"type":"if","locations":[{"start":{"line":86,"column":12},"end":{"line":86,"column":12}},{"start":{"line":86,"column":12},"end":{"line":86,"column":12}}]},"10":{"line":91,"type":"if","locations":[{"start":{"line":91,"column":8},"end":{"line":91,"column":8}},{"start":{"line":91,"column":8},"end":{"line":91,"column":8}}]},"11":{"line":91,"type":"binary-expr","locations":[{"start":{"line":91,"column":12},"end":{"line":91,"column":35}},{"start":{"line":91,"column":39},"end":{"line":91,"column":51}}]},"12":{"line":117,"type":"cond-expr","locations":[{"start":{"line":117,"column":31},"end":{"line":117,"column":42}},{"start":{"line":117,"column":45},"end":{"line":117,"column":50}}]},"13":{"line":133,"type":"if","locations":[{"start":{"line":133,"column":16},"end":{"line":133,"column":16}},{"start":{"line":133,"column":16},"end":{"line":133,"column":16}}]},"14":{"line":137,"type":"if","locations":[{"start":{"line":137,"column":16},"end":{"line":137,"column":16}},{"start":{"line":137,"column":16},"end":{"line":137,"column":16}}]},"15":{"line":141,"type":"if","locations":[{"start":{"line":141,"column":16},"end":{"line":141,"column":16}},{"start":{"line":141,"column":16},"end":{"line":141,"column":16}}]},"16":{"line":144,"type":"if","locations":[{"start":{"line":144,"column":16},"end":{"line":144,"column":16}},{"start":{"line":144,"column":16},"end":{"line":144,"column":16}}]},"17":{"line":150,"type":"if","locations":[{"start":{"line":150,"column":16},"end":{"line":150,"column":16}},{"start":{"line":150,"column":16},"end":{"line":150,"column":16}}]},"18":{"line":161,"type":"if","locations":[{"start":{"line":161,"column":8},"end":{"line":161,"column":8}},{"start":{"line":161,"column":8},"end":{"line":161,"column":8}}]},"19":{"line":164,"type":"if","locations":[{"start":{"line":164,"column":12},"end":{"line":164,"column":12}},{"start":{"line":164,"column":12},"end":{"line":164,"column":12}}]},"20":{"line":164,"type":"binary-expr","locations":[{"start":{"line":164,"column":16},"end":{"line":164,"column":46}},{"start":{"line":164,"column":50},"end":{"line":164,"column":69}}]},"21":{"line":165,"type":"if","locations":[{"start":{"line":165,"column":16},"end":{"line":165,"column":16}},{"start":{"line":165,"column":16},"end":{"line":165,"column":16}}]},"22":{"line":165,"type":"binary-expr","locations":[{"start":{"line":165,"column":20},"end":{"line":165,"column":31}},{"start":{"line":165,"column":35},"end":{"line":165,"column":61}}]},"23":{"line":172,"type":"if","locations":[{"start":{"line":172,"column":20},"end":{"line":172,"column":20}},{"start":{"line":172,"column":20},"end":{"line":172,"column":20}}]},"24":{"line":191,"type":"if","locations":[{"start":{"line":191,"column":8},"end":{"line":191,"column":8}},{"start":{"line":191,"column":8},"end":{"line":191,"column":8}}]},"25":{"line":191,"type":"binary-expr","locations":[{"start":{"line":191,"column":12},"end":{"line":191,"column":29}},{"start":{"line":191,"column":33},"end":{"line":191,"column":45}}]},"26":{"line":193,"type":"if","locations":[{"start":{"line":193,"column":8},"end":{"line":193,"column":8}},{"start":{"line":193,"column":8},"end":{"line":193,"column":8}}]},"27":{"line":195,"type":"if","locations":[{"start":{"line":195,"column":8},"end":{"line":195,"column":8}},{"start":{"line":195,"column":8},"end":{"line":195,"column":8}}]},"28":{"line":197,"type":"if","locations":[{"start":{"line":197,"column":8},"end":{"line":197,"column":8}},{"start":{"line":197,"column":8},"end":{"line":197,"column":8}}]},"29":{"line":197,"type":"binary-expr","locations":[{"start":{"line":197,"column":12},"end":{"line":197,"column":41}},{"start":{"line":198,"column":11},"end":{"line":198,"column":30}},{"start":{"line":198,"column":34},"end":{"line":198,"column":49}}]},"30":{"line":206,"type":"if","locations":[{"start":{"line":206,"column":16},"end":{"line":206,"column":16}},{"start":{"line":206,"column":16},"end":{"line":206,"column":16}}]},"31":{"line":209,"type":"if","locations":[{"start":{"line":209,"column":16},"end":{"line":209,"column":16}},{"start":{"line":209,"column":16},"end":{"line":209,"column":16}}]},"32":{"line":209,"type":"binary-expr","locations":[{"start":{"line":209,"column":20},"end":{"line":209,"column":29}},{"start":{"line":209,"column":33},"end":{"line":209,"column":69}}]},"33":{"line":216,"type":"if","locations":[{"start":{"line":216,"column":16},"end":{"line":216,"column":16}},{"start":{"line":216,"column":16},"end":{"line":216,"column":16}}]},"34":{"line":223,"type":"if","locations":[{"start":{"line":223,"column":8},"end":{"line":223,"column":8}},{"start":{"line":223,"column":8},"end":{"line":223,"column":8}}]},"35":{"line":230,"type":"if","locations":[{"start":{"line":230,"column":4},"end":{"line":230,"column":4}},{"start":{"line":230,"column":4},"end":{"line":230,"column":4}}]},"36":{"line":230,"type":"binary-expr","locations":[{"start":{"line":230,"column":8},"end":{"line":230,"column":31}},{"start":{"line":230,"column":35},"end":{"line":230,"column":47}}]},"37":{"line":233,"type":"if","locations":[{"start":{"line":233,"column":8},"end":{"line":233,"column":8}},{"start":{"line":233,"column":8},"end":{"line":233,"column":8}}]},"38":{"line":236,"type":"if","locations":[{"start":{"line":236,"column":13},"end":{"line":236,"column":13}},{"start":{"line":236,"column":13},"end":{"line":236,"column":13}}]},"39":{"line":237,"type":"cond-expr","locations":[{"start":{"line":237,"column":41},"end":{"line":237,"column":54}},{"start":{"line":237,"column":57},"end":{"line":237,"column":60}}]},"40":{"line":239,"type":"if","locations":[{"start":{"line":239,"column":13},"end":{"line":239,"column":13}},{"start":{"line":239,"column":13},"end":{"line":239,"column":13}}]},"41":{"line":242,"type":"if","locations":[{"start":{"line":242,"column":13},"end":{"line":242,"column":13}},{"start":{"line":242,"column":13},"end":{"line":242,"column":13}}]},"42":{"line":245,"type":"if","locations":[{"start":{"line":245,"column":13},"end":{"line":245,"column":13}},{"start":{"line":245,"column":13},"end":{"line":245,"column":13}}]},"43":{"line":248,"type":"if","locations":[{"start":{"line":248,"column":13},"end":{"line":248,"column":13}},{"start":{"line":248,"column":13},"end":{"line":248,"column":13}}]},"44":{"line":251,"type":"if","locations":[{"start":{"line":251,"column":13},"end":{"line":251,"column":13}},{"start":{"line":251,"column":13},"end":{"line":251,"column":13}}]},"45":{"line":254,"type":"if","locations":[{"start":{"line":254,"column":13},"end":{"line":254,"column":13}},{"start":{"line":254,"column":13},"end":{"line":254,"column":13}}]},"46":{"line":254,"type":"binary-expr","locations":[{"start":{"line":254,"column":17},"end":{"line":254,"column":30}},{"start":{"line":254,"column":34},"end":{"line":254,"column":55}}]},"47":{"line":257,"type":"if","locations":[{"start":{"line":257,"column":13},"end":{"line":257,"column":13}},{"start":{"line":257,"column":13},"end":{"line":257,"column":13}}]},"48":{"line":262,"type":"binary-expr","locations":[{"start":{"line":262,"column":17},"end":{"line":262,"column":32}},{"start":{"line":262,"column":36},"end":{"line":262,"column":61}},{"start":{"line":263,"column":19},"end":{"line":263,"column":32}},{"start":{"line":264,"column":19},"end":{"line":264,"column":21}}]},"49":{"line":279,"type":"binary-expr","locations":[{"start":{"line":279,"column":17},"end":{"line":279,"column":28}},{"start":{"line":279,"column":32},"end":{"line":283,"column":1}}]},"50":{"line":293,"type":"binary-expr","locations":[{"start":{"line":293,"column":14},"end":{"line":293,"column":27}},{"start":{"line":293,"column":31},"end":{"line":295,"column":1}}]},"51":{"line":298,"type":"if","locations":[{"start":{"line":298,"column":4},"end":{"line":298,"column":4}},{"start":{"line":298,"column":4},"end":{"line":298,"column":4}}]},"52":{"line":312,"type":"binary-expr","locations":[{"start":{"line":312,"column":21},"end":{"line":312,"column":42}},{"start":{"line":312,"column":46},"end":{"line":314,"column":1}}]}},"code":["var traverse = module.exports = function (obj) {","    return new Traverse(obj);","};","","function Traverse (obj) {","    this.value = obj;","}","","Traverse.prototype.get = function (ps) {","    var node = this.value;","    for (var i = 0; i < ps.length; i ++) {","        var key = ps[i];","        if (!node || !hasOwnProperty.call(node, key)) {","            node = undefined;","            break;","        }","        node = node[key];","    }","    return node;","};","","Traverse.prototype.has = function (ps) {","    var node = this.value;","    for (var i = 0; i < ps.length; i ++) {","        var key = ps[i];","        if (!node || !hasOwnProperty.call(node, key)) {","            return false;","        }","        node = node[key];","    }","    return true;","};","","Traverse.prototype.set = function (ps, value) {","    var node = this.value;","    for (var i = 0; i < ps.length - 1; i ++) {","        var key = ps[i];","        if (!hasOwnProperty.call(node, key)) node[key] = {};","        node = node[key];","    }","    node[ps[i]] = value;","    return value;","};","","Traverse.prototype.map = function (cb) {","    return walk(this.value, cb, true);","};","","Traverse.prototype.forEach = function (cb) {","    this.value = walk(this.value, cb, false);","    return this.value;","};","","Traverse.prototype.reduce = function (cb, init) {","    var skip = arguments.length === 1;","    var acc = skip ? this.value : init;","    this.forEach(function (x) {","        if (!this.isRoot || !skip) {","            acc = cb.call(this, acc, x);","        }","    });","    return acc;","};","","Traverse.prototype.paths = function () {","    var acc = [];","    this.forEach(function (x) {","        acc.push(this.path); ","    });","    return acc;","};","","Traverse.prototype.nodes = function () {","    var acc = [];","    this.forEach(function (x) {","        acc.push(this.node);","    });","    return acc;","};","","Traverse.prototype.clone = function () {","    var parents = [], nodes = [];","    ","    return (function clone (src) {","        for (var i = 0; i < parents.length; i++) {","            if (parents[i] === src) {","                return nodes[i];","            }","        }","        ","        if (typeof src === 'object' && src !== null) {","            var dst = copy(src);","            ","            parents.push(src);","            nodes.push(dst);","            ","            forEach(objectKeys(src), function (key) {","                dst[key] = clone(src[key]);","            });","            ","            parents.pop();","            nodes.pop();","            return dst;","        }","        else {","            return src;","        }","    })(this.value);","};","","function walk (root, cb, immutable) {","    var path = [];","    var parents = [];","    var alive = true;","    ","    return (function walker (node_) {","        var node = immutable ? copy(node_) : node_;","        var modifiers = {};","        ","        var keepGoing = true;","        ","        var state = {","            node : node,","            node_ : node_,","            path : [].concat(path),","            parent : parents[parents.length - 1],","            parents : parents,","            key : path.slice(-1)[0],","            isRoot : path.length === 0,","            level : path.length,","            circular : null,","            update : function (x, stopHere) {","                if (!state.isRoot) {","                    state.parent.node[state.key] = x;","                }","                state.node = x;","                if (stopHere) keepGoing = false;","            },","            'delete' : function (stopHere) {","                delete state.parent.node[state.key];","                if (stopHere) keepGoing = false;","            },","            remove : function (stopHere) {","                if (isArray(state.parent.node)) {","                    state.parent.node.splice(state.key, 1);","                }","                else {","                    delete state.parent.node[state.key];","                }","                if (stopHere) keepGoing = false;","            },","            keys : null,","            before : function (f) { modifiers.before = f },","            after : function (f) { modifiers.after = f },","            pre : function (f) { modifiers.pre = f },","            post : function (f) { modifiers.post = f },","            stop : function () { alive = false },","            block : function () { keepGoing = false }","        };","        ","        if (!alive) return state;","        ","        function updateState() {","            if (typeof state.node === 'object' && state.node !== null) {","                if (!state.keys || state.node_ !== state.node) {","                    state.keys = objectKeys(state.node)","                }","                ","                state.isLeaf = state.keys.length == 0;","                ","                for (var i = 0; i < parents.length; i++) {","                    if (parents[i].node_ === node_) {","                        state.circular = parents[i];","                        break;","                    }","                }","            }","            else {","                state.isLeaf = true;","                state.keys = null;","            }","            ","            state.notLeaf = !state.isLeaf;","            state.notRoot = !state.isRoot;","        }","        ","        updateState();","        ","        // use return values to update if defined","        var ret = cb.call(state, state.node);","        if (ret !== undefined && state.update) state.update(ret);","        ","        if (modifiers.before) modifiers.before.call(state, state.node);","        ","        if (!keepGoing) return state;","        ","        if (typeof state.node == 'object'","        && state.node !== null && !state.circular) {","            parents.push(state);","            ","            updateState();","            ","            forEach(state.keys, function (key, i) {","                path.push(key);","                ","                if (modifiers.pre) modifiers.pre.call(state, state.node[key], key);","                ","                var child = walker(state.node[key]);","                if (immutable && hasOwnProperty.call(state.node, key)) {","                    state.node[key] = child.node;","                }","                ","                child.isLast = i == state.keys.length - 1;","                child.isFirst = i == 0;","                ","                if (modifiers.post) modifiers.post.call(state, child);","                ","                path.pop();","            });","            parents.pop();","        }","        ","        if (modifiers.after) modifiers.after.call(state, state.node);","        ","        return state;","    })(root).node;","}","","function copy (src) {","    if (typeof src === 'object' && src !== null) {","        var dst;","        ","        if (isArray(src)) {","            dst = [];","        }","        else if (isDate(src)) {","            dst = new Date(src.getTime ? src.getTime() : src);","        }","        else if (isRegExp(src)) {","            dst = new RegExp(src);","        }","        else if (isError(src)) {","            dst = { message: src.message };","        }","        else if (isBoolean(src)) {","            dst = new Boolean(src);","        }","        else if (isNumber(src)) {","            dst = new Number(src);","        }","        else if (isString(src)) {","            dst = new String(src);","        }","        else if (Object.create && Object.getPrototypeOf) {","            dst = Object.create(Object.getPrototypeOf(src));","        }","        else if (src.constructor === Object) {","            dst = {};","        }","        else {","            var proto =","                (src.constructor && src.constructor.prototype)","                || src.__proto__","                || {}","            ;","            var T = function () {};","            T.prototype = proto;","            dst = new T;","        }","        ","        forEach(objectKeys(src), function (key) {","            dst[key] = src[key];","        });","        return dst;","    }","    else return src;","}","","var objectKeys = Object.keys || function keys (obj) {","    var res = [];","    for (var key in obj) res.push(key)","    return res;","};","","function toS (obj) { return Object.prototype.toString.call(obj) }","function isDate (obj) { return toS(obj) === '[object Date]' }","function isRegExp (obj) { return toS(obj) === '[object RegExp]' }","function isError (obj) { return toS(obj) === '[object Error]' }","function isBoolean (obj) { return toS(obj) === '[object Boolean]' }","function isNumber (obj) { return toS(obj) === '[object Number]' }","function isString (obj) { return toS(obj) === '[object String]' }","","var isArray = Array.isArray || function isArray (xs) {","    return Object.prototype.toString.call(xs) === '[object Array]';","};","","var forEach = function (xs, fn) {","    if (xs.forEach) return xs.forEach(fn)","    else for (var i = 0; i < xs.length; i++) {","        fn(xs[i], i, xs);","    }","};","","forEach(objectKeys(Traverse.prototype), function (key) {","    traverse[key] = function (obj) {","        var args = [].slice.call(arguments, 1);","        var t = new Traverse(obj);","        return t[key].apply(t, args);","    };","});","","var hasOwnProperty = Object.hasOwnProperty || function (obj, key) {","    return key in obj;","};",""],"l":{"1":1,"2":0,"5":1,"6":0,"9":1,"10":0,"11":0,"12":0,"13":0,"14":0,"15":0,"17":0,"19":0,"22":1,"23":0,"24":0,"25":0,"26":0,"27":0,"29":0,"31":0,"34":1,"35":0,"36":0,"37":0,"38":0,"39":0,"41":0,"42":0,"45":1,"46":0,"49":1,"50":0,"51":0,"54":1,"55":0,"56":0,"57":0,"58":0,"59":0,"62":0,"65":1,"66":0,"67":0,"68":0,"70":0,"73":1,"74":0,"75":0,"76":0,"78":0,"81":1,"82":0,"84":0,"85":0,"86":0,"87":0,"91":0,"92":0,"94":0,"95":0,"97":0,"98":0,"101":0,"102":0,"103":0,"106":0,"111":1,"112":0,"113":0,"114":0,"116":0,"117":0,"118":0,"120":0,"122":0,"133":0,"134":0,"136":0,"137":0,"140":0,"141":0,"144":0,"145":0,"148":0,"150":0,"153":0,"154":0,"155":0,"156":0,"157":0,"158":0,"161":0,"163":1,"164":0,"165":0,"166":0,"169":0,"171":0,"172":0,"173":0,"174":0,"179":0,"180":0,"183":0,"184":0,"187":0,"190":0,"191":0,"193":0,"195":0,"197":0,"199":0,"201":0,"203":0,"204":0,"206":0,"208":0,"209":0,"210":0,"213":0,"214":0,"216":0,"218":0,"220":0,"223":0,"225":0,"229":1,"230":0,"231":0,"233":0,"234":0,"236":0,"237":0,"239":0,"240":0,"242":0,"243":0,"245":0,"246":0,"248":0,"249":0,"251":0,"252":0,"254":0,"255":0,"257":0,"258":0,"261":0,"266":0,"267":0,"268":0,"271":0,"272":0,"274":0,"276":0,"279":1,"280":0,"281":0,"282":0,"285":1,"286":1,"287":1,"288":1,"289":1,"290":1,"291":1,"293":1,"294":0,"297":1,"298":1,"299":0,"300":0,"304":1,"305":9,"306":0,"307":0,"308":0,"312":1,"313":0}}}